Using pre-set license
Built from '2021.3/staging' branch; Version is '2021.3.5f1 (40eb3a945986) revision 4254522'; Using compiler version '192829333'; Build Type 'Release'
OS: 'Windows 11  (10.0.22000) 64bit Professional' Language: 'en' Physical Memory: 16324 MB
BatchMode: 1, IsHumanControllingUs: 0, StartBugReporterOnCrash: 0, Is64bit: 1, IsPro: 1

COMMAND LINE ARGUMENTS:
C:\Program Files\Unity\Hub\Editor\2021.3.5f1\Editor\Unity.exe
-adb2
-batchMode
-noUpm
-name
AssetImportWorker0
-projectPath
C:/Users/drago/OneDrive/Documente/GitHub/Tanks-Project
-logFile
Logs/AssetImportWorker0.log
-srvPort
54283
Successfully changed project path to: C:/Users/drago/OneDrive/Documente/GitHub/Tanks-Project
C:/Users/drago/OneDrive/Documente/GitHub/Tanks-Project
[UnityMemory] Configuration Parameters - Can be set up in boot.config
    "memorysetup-bucket-allocator-granularity=16"
    "memorysetup-bucket-allocator-bucket-count=8"
    "memorysetup-bucket-allocator-block-size=33554432"
    "memorysetup-bucket-allocator-block-count=8"
    "memorysetup-main-allocator-block-size=16777216"
    "memorysetup-thread-allocator-block-size=16777216"
    "memorysetup-gfx-main-allocator-block-size=16777216"
    "memorysetup-gfx-thread-allocator-block-size=16777216"
    "memorysetup-cache-allocator-block-size=4194304"
    "memorysetup-typetree-allocator-block-size=2097152"
    "memorysetup-profiler-bucket-allocator-granularity=16"
    "memorysetup-profiler-bucket-allocator-bucket-count=8"
    "memorysetup-profiler-bucket-allocator-block-size=33554432"
    "memorysetup-profiler-bucket-allocator-block-count=8"
    "memorysetup-profiler-allocator-block-size=16777216"
    "memorysetup-profiler-editor-allocator-block-size=1048576"
    "memorysetup-temp-allocator-size-main=16777216"
    "memorysetup-job-temp-allocator-block-size=2097152"
    "memorysetup-job-temp-allocator-block-size-background=1048576"
    "memorysetup-job-temp-allocator-reduction-small-platforms=262144"
    "memorysetup-temp-allocator-size-background-worker=32768"
    "memorysetup-temp-allocator-size-job-worker=262144"
    "memorysetup-temp-allocator-size-preload-manager=33554432"
    "memorysetup-temp-allocator-size-nav-mesh-worker=65536"
    "memorysetup-temp-allocator-size-audio-worker=65536"
    "memorysetup-temp-allocator-size-cloud-worker=32768"
    "memorysetup-temp-allocator-size-gi-baking-worker=262144"
    "memorysetup-temp-allocator-size-gfx=262144"
Refreshing native plugins compatible for Editor in 98.85 ms, found 3 plugins.
Preloading 0 native plugins for Editor in 0.00 ms.
Initialize engine version: 2021.3.5f1 (40eb3a945986)
[Subsystems] Discovering subsystems at path C:/Program Files/Unity/Hub/Editor/2021.3.5f1/Editor/Data/Resources/UnitySubsystems
[Subsystems] Discovering subsystems at path C:/Users/drago/OneDrive/Documente/GitHub/Tanks-Project/Assets
GfxDevice: creating device client; threaded=0; jobified=0
Direct3D:
    Version:  Direct3D 11.0 [level 11.1]
    Renderer: NVIDIA GeForce GTX 1070 (ID=0x1b81)
    Vendor:   NVIDIA
    VRAM:     8088 MB
    Driver:   31.0.15.2225
Initialize mono
Mono path[0] = 'C:/Program Files/Unity/Hub/Editor/2021.3.5f1/Editor/Data/Managed'
Mono path[1] = 'C:/Program Files/Unity/Hub/Editor/2021.3.5f1/Editor/Data/MonoBleedingEdge/lib/mono/unityjit-win32'
Mono config path = 'C:/Program Files/Unity/Hub/Editor/2021.3.5f1/Editor/Data/MonoBleedingEdge/etc'
Using monoOptions --debugger-agent=transport=dt_socket,embedding=1,server=y,suspend=n,address=127.0.0.1:56036
Begin MonoManager ReloadAssembly
Registering precompiled unity dll's ...
Register platform support module: C:/Program Files/Unity/Hub/Editor/2021.3.5f1/Editor/Data/PlaybackEngines/WebGLSupport/UnityEditor.WebGL.Extensions.dll
Register platform support module: C:/Program Files/Unity/Hub/Editor/2021.3.5f1/Editor/Data/PlaybackEngines/WindowsStandaloneSupport/UnityEditor.WindowsStandalone.Extensions.dll
Registered in 0.009671 seconds.
Native extension for WindowsStandalone target not found
Native extension for WebGL target not found
Refreshing native plugins compatible for Editor in 118.63 ms, found 3 plugins.
Preloading 0 native plugins for Editor in 0.00 ms.
Mono: successfully reloaded assembly
- Completed reload, in  0.992 seconds
Domain Reload Profiling:
	ReloadAssembly (993ms)
		BeginReloadAssembly (97ms)
			ExecutionOrderSort (0ms)
			DisableScriptedObjects (0ms)
			BackupInstance (0ms)
			ReleaseScriptingObjects (0ms)
			CreateAndSetChildDomain (1ms)
		EndReloadAssembly (734ms)
			LoadAssemblies (93ms)
			RebuildTransferFunctionScriptingTraits (0ms)
			SetupTypeCache (132ms)
			ReleaseScriptCaches (0ms)
			RebuildScriptCaches (131ms)
			SetupLoadedEditorAssemblies (401ms)
				LogAssemblyErrors (0ms)
				InitializePlatformSupportModulesInManaged (20ms)
				SetLoadedEditorAssemblies (0ms)
				RefreshPlugins (119ms)
				BeforeProcessingInitializeOnLoad (1ms)
				ProcessInitializeOnLoadAttributes (181ms)
				ProcessInitializeOnLoadMethodAttributes (79ms)
				AfterProcessingInitializeOnLoad (0ms)
				EditorAssembliesLoaded (0ms)
			ExecutionOrderSort2 (0ms)
			AwakeInstancesAfterBackupRestoration (0ms)
Platform modules already initialized, skipping
Registering precompiled user dll's ...
Registered in 0.012796 seconds.
Begin MonoManager ReloadAssembly
Symbol file LoadedFromMemory doesn't match image C:\Users\drago\OneDrive\Documente\GitHub\Tanks-Project\Library\PackageCache\com.unity.visualscripting@1.7.8\Editor\VisualScripting.Core\Dependencies\YamlDotNet\Unity.VisualScripting.YamlDotNet.dll
Symbol file LoadedFromMemory doesn't match image C:\Users\drago\OneDrive\Documente\GitHub\Tanks-Project\Library\PackageCache\com.unity.visualscripting@1.7.8\Editor\VisualScripting.Core\Dependencies\DotNetZip\Unity.VisualScripting.IonicZip.dll
Native extension for WindowsStandalone target not found
Native extension for WebGL target not found
Refreshing native plugins compatible for Editor in 1.27 ms, found 3 plugins.
Preloading 0 native plugins for Editor in 0.00 ms.
Mono: successfully reloaded assembly
- Completed reload, in  1.505 seconds
Domain Reload Profiling:
	ReloadAssembly (1506ms)
		BeginReloadAssembly (160ms)
			ExecutionOrderSort (0ms)
			DisableScriptedObjects (7ms)
			BackupInstance (0ms)
			ReleaseScriptingObjects (0ms)
			CreateAndSetChildDomain (32ms)
		EndReloadAssembly (1181ms)
			LoadAssemblies (154ms)
			RebuildTransferFunctionScriptingTraits (0ms)
			SetupTypeCache (348ms)
			ReleaseScriptCaches (1ms)
			RebuildScriptCaches (66ms)
			SetupLoadedEditorAssemblies (575ms)
				LogAssemblyErrors (0ms)
				InitializePlatformSupportModulesInManaged (8ms)
				SetLoadedEditorAssemblies (1ms)
				RefreshPlugins (1ms)
				BeforeProcessingInitializeOnLoad (161ms)
				ProcessInitializeOnLoadAttributes (350ms)
				ProcessInitializeOnLoadMethodAttributes (40ms)
				AfterProcessingInitializeOnLoad (13ms)
				EditorAssembliesLoaded (0ms)
			ExecutionOrderSort2 (0ms)
			AwakeInstancesAfterBackupRestoration (9ms)
Platform modules already initialized, skipping
========================================================================
Worker process is ready to serve import requests
Launched and connected shader compiler UnityShaderCompiler.exe after 0.05 seconds
Refreshing native plugins compatible for Editor in 0.94 ms, found 3 plugins.
Preloading 0 native plugins for Editor in 0.00 ms.
Unloading 3532 Unused Serialized files (Serialized files now loaded: 0)
Unloading 40 unused Assets / (181.8 KB). Loaded Objects now: 4002.
Memory consumption went from 133.8 MB to 133.6 MB.
Total: 3.826400 ms (FindLiveObjects: 0.399200 ms CreateObjectMapping: 0.349000 ms MarkObjects: 2.934800 ms  DeleteObjects: 0.141900 ms)

AssetImportParameters requested are different than current active one (requested -> active):
  custom:video-decoder-ogg-theora: a1e56fd34408186e4bbccfd4996cb3dc -> 
  custom:container-muxer-webm: aa71ff27fc2769a1b78a27578f13a17b -> 
  custom:container-demuxer-webm: 4f35f7cbe854078d1ac9338744f61a02 -> 
  custom:video-encoder-webm-vp8: eb34c28f22e8b96e1ab97ce403110664 -> 
  custom:audio-encoder-webm-vorbis: bf7c407c2cedff20999df2af8eb42d56 -> 
  custom:framework-win-MediaFoundation: 216162199b28c13a410421893ffa2e32 -> 
  custom:container-demuxer-ogg: 62fdf1f143b41e24485cea50d1cbac27 -> 
  custom:video-decoder-webm-vp8: 9c59270c3fd7afecdb556c50c9e8de78 -> 
  custom:audio-decoder-ogg-vorbis: bf7c407c2cedff20999df2af8eb42d56 -> 
========================================================================
Received Prepare
Registering precompiled user dll's ...
Registered in 0.009565 seconds.
Begin MonoManager ReloadAssembly
Symbol file LoadedFromMemory doesn't match image C:\Users\drago\OneDrive\Documente\GitHub\Tanks-Project\Library\PackageCache\com.unity.visualscripting@1.7.8\Editor\VisualScripting.Core\Dependencies\YamlDotNet\Unity.VisualScripting.YamlDotNet.dll
Symbol file LoadedFromMemory doesn't match image C:\Users\drago\OneDrive\Documente\GitHub\Tanks-Project\Library\PackageCache\com.unity.visualscripting@1.7.8\Editor\VisualScripting.Core\Dependencies\DotNetZip\Unity.VisualScripting.IonicZip.dll
Native extension for WindowsStandalone target not found
Native extension for WebGL target not found
Refreshing native plugins compatible for Editor in 0.86 ms, found 3 plugins.
Preloading 0 native plugins for Editor in 0.00 ms.
Mono: successfully reloaded assembly
- Completed reload, in  1.462 seconds
Domain Reload Profiling:
	ReloadAssembly (1463ms)
		BeginReloadAssembly (220ms)
			ExecutionOrderSort (0ms)
			DisableScriptedObjects (5ms)
			BackupInstance (0ms)
			ReleaseScriptingObjects (0ms)
			CreateAndSetChildDomain (74ms)
		EndReloadAssembly (1091ms)
			LoadAssemblies (127ms)
			RebuildTransferFunctionScriptingTraits (0ms)
			SetupTypeCache (392ms)
			ReleaseScriptCaches (3ms)
			RebuildScriptCaches (58ms)
			SetupLoadedEditorAssemblies (477ms)
				LogAssemblyErrors (0ms)
				InitializePlatformSupportModulesInManaged (17ms)
				SetLoadedEditorAssemblies (1ms)
				RefreshPlugins (1ms)
				BeforeProcessingInitializeOnLoad (95ms)
				ProcessInitializeOnLoadAttributes (316ms)
				ProcessInitializeOnLoadMethodAttributes (35ms)
				AfterProcessingInitializeOnLoad (12ms)
				EditorAssembliesLoaded (0ms)
			ExecutionOrderSort2 (0ms)
			AwakeInstancesAfterBackupRestoration (8ms)
Platform modules already initialized, skipping
Refreshing native plugins compatible for Editor in 2.53 ms, found 3 plugins.
Preloading 0 native plugins for Editor in 0.00 ms.
Unloading 3527 Unused Serialized files (Serialized files now loaded: 0)
Unloading 21 unused Assets / (149.3 KB). Loaded Objects now: 4017.
Memory consumption went from 133.6 MB to 133.5 MB.
Total: 3.789000 ms (FindLiveObjects: 0.377100 ms CreateObjectMapping: 0.339600 ms MarkObjects: 2.957500 ms  DeleteObjects: 0.113400 ms)

AssetImportParameters requested are different than current active one (requested -> active):
  custom:video-decoder-ogg-theora: a1e56fd34408186e4bbccfd4996cb3dc -> 
  custom:container-muxer-webm: aa71ff27fc2769a1b78a27578f13a17b -> 
  custom:container-demuxer-webm: 4f35f7cbe854078d1ac9338744f61a02 -> 
  custom:video-encoder-webm-vp8: eb34c28f22e8b96e1ab97ce403110664 -> 
  custom:audio-encoder-webm-vorbis: bf7c407c2cedff20999df2af8eb42d56 -> 
  custom:framework-win-MediaFoundation: 216162199b28c13a410421893ffa2e32 -> 
  custom:container-demuxer-ogg: 62fdf1f143b41e24485cea50d1cbac27 -> 
  custom:video-decoder-webm-vp8: 9c59270c3fd7afecdb556c50c9e8de78 -> 
  custom:audio-decoder-ogg-vorbis: bf7c407c2cedff20999df2af8eb42d56 -> 
========================================================================
Received Prepare
Registering precompiled user dll's ...
Registered in 0.009673 seconds.
Begin MonoManager ReloadAssembly
Symbol file LoadedFromMemory doesn't match image C:\Users\drago\OneDrive\Documente\GitHub\Tanks-Project\Library\PackageCache\com.unity.visualscripting@1.7.8\Editor\VisualScripting.Core\Dependencies\YamlDotNet\Unity.VisualScripting.YamlDotNet.dll
Symbol file LoadedFromMemory doesn't match image C:\Users\drago\OneDrive\Documente\GitHub\Tanks-Project\Library\PackageCache\com.unity.visualscripting@1.7.8\Editor\VisualScripting.Core\Dependencies\DotNetZip\Unity.VisualScripting.IonicZip.dll
Native extension for WindowsStandalone target not found
Native extension for WebGL target not found
Refreshing native plugins compatible for Editor in 1.19 ms, found 3 plugins.
Preloading 0 native plugins for Editor in 0.00 ms.
Mono: successfully reloaded assembly
- Completed reload, in  1.478 seconds
Domain Reload Profiling:
	ReloadAssembly (1479ms)
		BeginReloadAssembly (180ms)
			ExecutionOrderSort (0ms)
			DisableScriptedObjects (6ms)
			BackupInstance (0ms)
			ReleaseScriptingObjects (0ms)
			CreateAndSetChildDomain (47ms)
		EndReloadAssembly (1165ms)
			LoadAssemblies (126ms)
			RebuildTransferFunctionScriptingTraits (0ms)
			SetupTypeCache (428ms)
			ReleaseScriptCaches (2ms)
			RebuildScriptCaches (58ms)
			SetupLoadedEditorAssemblies (511ms)
				LogAssemblyErrors (0ms)
				InitializePlatformSupportModulesInManaged (20ms)
				SetLoadedEditorAssemblies (1ms)
				RefreshPlugins (1ms)
				BeforeProcessingInitializeOnLoad (110ms)
				ProcessInitializeOnLoadAttributes (324ms)
				ProcessInitializeOnLoadMethodAttributes (40ms)
				AfterProcessingInitializeOnLoad (15ms)
				EditorAssembliesLoaded (0ms)
			ExecutionOrderSort2 (0ms)
			AwakeInstancesAfterBackupRestoration (8ms)
Platform modules already initialized, skipping
Refreshing native plugins compatible for Editor in 3.15 ms, found 3 plugins.
Preloading 0 native plugins for Editor in 0.00 ms.
Unloading 3527 Unused Serialized files (Serialized files now loaded: 0)
Unloading 21 unused Assets / (149.2 KB). Loaded Objects now: 4032.
Memory consumption went from 133.6 MB to 133.5 MB.
Total: 3.668700 ms (FindLiveObjects: 0.364900 ms CreateObjectMapping: 0.305900 ms MarkObjects: 2.876800 ms  DeleteObjects: 0.119700 ms)

AssetImportParameters requested are different than current active one (requested -> active):
  custom:video-decoder-ogg-theora: a1e56fd34408186e4bbccfd4996cb3dc -> 
  custom:container-muxer-webm: aa71ff27fc2769a1b78a27578f13a17b -> 
  custom:container-demuxer-webm: 4f35f7cbe854078d1ac9338744f61a02 -> 
  custom:video-encoder-webm-vp8: eb34c28f22e8b96e1ab97ce403110664 -> 
  custom:audio-encoder-webm-vorbis: bf7c407c2cedff20999df2af8eb42d56 -> 
  custom:framework-win-MediaFoundation: 216162199b28c13a410421893ffa2e32 -> 
  custom:container-demuxer-ogg: 62fdf1f143b41e24485cea50d1cbac27 -> 
  custom:video-decoder-webm-vp8: 9c59270c3fd7afecdb556c50c9e8de78 -> 
  custom:audio-decoder-ogg-vorbis: bf7c407c2cedff20999df2af8eb42d56 -> 
========================================================================
Received Import Request.
  Time since last request: 11669.976404 seconds.
  path: Assets/Scripts/Movement/TankMovement.cs
  artifactKey: Guid(95c4477d2fc31dc41bbd149bb1918901) Importer(815301076,1909f56bfc062723c751e8b465ee728b)
Start importing Assets/Scripts/Movement/TankMovement.cs using Guid(95c4477d2fc31dc41bbd149bb1918901) Importer(815301076,1909f56bfc062723c751e8b465ee728b)  -> (artifact id: '2c68c6187da87c6539e1106fbc57ac15') in 0.025930 seconds 
========================================================================
Received Prepare
Registering precompiled user dll's ...
Registered in 0.014396 seconds.
Begin MonoManager ReloadAssembly
Symbol file LoadedFromMemory doesn't match image C:\Users\drago\OneDrive\Documente\GitHub\Tanks-Project\Library\PackageCache\com.unity.visualscripting@1.7.8\Editor\VisualScripting.Core\Dependencies\YamlDotNet\Unity.VisualScripting.YamlDotNet.dll
Symbol file LoadedFromMemory doesn't match image C:\Users\drago\OneDrive\Documente\GitHub\Tanks-Project\Library\PackageCache\com.unity.visualscripting@1.7.8\Editor\VisualScripting.Core\Dependencies\DotNetZip\Unity.VisualScripting.IonicZip.dll
Native extension for WindowsStandalone target not found
Native extension for WebGL target not found
Refreshing native plugins compatible for Editor in 1.13 ms, found 3 plugins.
Preloading 0 native plugins for Editor in 0.00 ms.
Mono: successfully reloaded assembly
- Completed reload, in  1.445 seconds
Domain Reload Profiling:
	ReloadAssembly (1446ms)
		BeginReloadAssembly (168ms)
			ExecutionOrderSort (0ms)
			DisableScriptedObjects (5ms)
			BackupInstance (0ms)
			ReleaseScriptingObjects (0ms)
			CreateAndSetChildDomain (47ms)
		EndReloadAssembly (1142ms)
			LoadAssemblies (109ms)
			RebuildTransferFunctionScriptingTraits (0ms)
			SetupTypeCache (367ms)
			ReleaseScriptCaches (2ms)
			RebuildScriptCaches (95ms)
			SetupLoadedEditorAssemblies (489ms)
				LogAssemblyErrors (0ms)
				InitializePlatformSupportModulesInManaged (19ms)
				SetLoadedEditorAssemblies (1ms)
				RefreshPlugins (1ms)
				BeforeProcessingInitializeOnLoad (99ms)
				ProcessInitializeOnLoadAttributes (316ms)
				ProcessInitializeOnLoadMethodAttributes (39ms)
				AfterProcessingInitializeOnLoad (14ms)
				EditorAssembliesLoaded (0ms)
			ExecutionOrderSort2 (0ms)
			AwakeInstancesAfterBackupRestoration (8ms)
Platform modules already initialized, skipping
Refreshing native plugins compatible for Editor in 4.09 ms, found 3 plugins.
Preloading 0 native plugins for Editor in 0.00 ms.
Unloading 3527 Unused Serialized files (Serialized files now loaded: 0)
Unloading 21 unused Assets / (149.2 KB). Loaded Objects now: 4047.
Memory consumption went from 133.7 MB to 133.6 MB.
Total: 4.143000 ms (FindLiveObjects: 0.418000 ms CreateObjectMapping: 0.344900 ms MarkObjects: 3.263800 ms  DeleteObjects: 0.114600 ms)

AssetImportParameters requested are different than current active one (requested -> active):
  custom:video-decoder-ogg-theora: a1e56fd34408186e4bbccfd4996cb3dc -> 
  custom:container-muxer-webm: aa71ff27fc2769a1b78a27578f13a17b -> 
  custom:container-demuxer-webm: 4f35f7cbe854078d1ac9338744f61a02 -> 
  custom:video-encoder-webm-vp8: eb34c28f22e8b96e1ab97ce403110664 -> 
  custom:audio-encoder-webm-vorbis: bf7c407c2cedff20999df2af8eb42d56 -> 
  custom:framework-win-MediaFoundation: 216162199b28c13a410421893ffa2e32 -> 
  custom:container-demuxer-ogg: 62fdf1f143b41e24485cea50d1cbac27 -> 
  custom:video-decoder-webm-vp8: 9c59270c3fd7afecdb556c50c9e8de78 -> 
  custom:audio-decoder-ogg-vorbis: bf7c407c2cedff20999df2af8eb42d56 -> 
========================================================================
Received Prepare
Registering precompiled user dll's ...
Registered in 0.010853 seconds.
Begin MonoManager ReloadAssembly
Symbol file LoadedFromMemory doesn't match image C:\Users\drago\OneDrive\Documente\GitHub\Tanks-Project\Library\PackageCache\com.unity.visualscripting@1.7.8\Editor\VisualScripting.Core\Dependencies\YamlDotNet\Unity.VisualScripting.YamlDotNet.dll
Symbol file LoadedFromMemory doesn't match image C:\Users\drago\OneDrive\Documente\GitHub\Tanks-Project\Library\PackageCache\com.unity.visualscripting@1.7.8\Editor\VisualScripting.Core\Dependencies\DotNetZip\Unity.VisualScripting.IonicZip.dll
Native extension for WindowsStandalone target not found
Native extension for WebGL target not found
Refreshing native plugins compatible for Editor in 1.27 ms, found 3 plugins.
Preloading 0 native plugins for Editor in 0.00 ms.
Mono: successfully reloaded assembly
- Completed reload, in  1.574 seconds
Domain Reload Profiling:
	ReloadAssembly (1575ms)
		BeginReloadAssembly (182ms)
			ExecutionOrderSort (0ms)
			DisableScriptedObjects (6ms)
			BackupInstance (0ms)
			ReleaseScriptingObjects (0ms)
			CreateAndSetChildDomain (49ms)
		EndReloadAssembly (1257ms)
			LoadAssemblies (126ms)
			RebuildTransferFunctionScriptingTraits (0ms)
			SetupTypeCache (426ms)
			ReleaseScriptCaches (2ms)
			RebuildScriptCaches (72ms)
			SetupLoadedEditorAssemblies (519ms)
				LogAssemblyErrors (0ms)
				InitializePlatformSupportModulesInManaged (25ms)
				SetLoadedEditorAssemblies (1ms)
				RefreshPlugins (1ms)
				BeforeProcessingInitializeOnLoad (102ms)
				ProcessInitializeOnLoadAttributes (331ms)
				ProcessInitializeOnLoadMethodAttributes (42ms)
				AfterProcessingInitializeOnLoad (16ms)
				EditorAssembliesLoaded (0ms)
			ExecutionOrderSort2 (0ms)
			AwakeInstancesAfterBackupRestoration (12ms)
Platform modules already initialized, skipping
Refreshing native plugins compatible for Editor in 3.73 ms, found 3 plugins.
Preloading 0 native plugins for Editor in 0.00 ms.
Unloading 3527 Unused Serialized files (Serialized files now loaded: 0)
Unloading 21 unused Assets / (149.3 KB). Loaded Objects now: 4062.
Memory consumption went from 133.7 MB to 133.6 MB.
Total: 3.890600 ms (FindLiveObjects: 0.397500 ms CreateObjectMapping: 0.122300 ms MarkObjects: 3.248700 ms  DeleteObjects: 0.120400 ms)

AssetImportParameters requested are different than current active one (requested -> active):
  custom:video-decoder-ogg-theora: a1e56fd34408186e4bbccfd4996cb3dc -> 
  custom:container-muxer-webm: aa71ff27fc2769a1b78a27578f13a17b -> 
  custom:container-demuxer-webm: 4f35f7cbe854078d1ac9338744f61a02 -> 
  custom:video-encoder-webm-vp8: eb34c28f22e8b96e1ab97ce403110664 -> 
  custom:audio-encoder-webm-vorbis: bf7c407c2cedff20999df2af8eb42d56 -> 
  custom:framework-win-MediaFoundation: 216162199b28c13a410421893ffa2e32 -> 
  custom:container-demuxer-ogg: 62fdf1f143b41e24485cea50d1cbac27 -> 
  custom:video-decoder-webm-vp8: 9c59270c3fd7afecdb556c50c9e8de78 -> 
  custom:audio-decoder-ogg-vorbis: bf7c407c2cedff20999df2af8eb42d56 -> 
========================================================================
Received Prepare
Registering precompiled user dll's ...
Registered in 0.012963 seconds.
Begin MonoManager ReloadAssembly
Symbol file LoadedFromMemory doesn't match image C:\Users\drago\OneDrive\Documente\GitHub\Tanks-Project\Library\PackageCache\com.unity.visualscripting@1.7.8\Editor\VisualScripting.Core\Dependencies\YamlDotNet\Unity.VisualScripting.YamlDotNet.dll
Symbol file LoadedFromMemory doesn't match image C:\Users\drago\OneDrive\Documente\GitHub\Tanks-Project\Library\PackageCache\com.unity.visualscripting@1.7.8\Editor\VisualScripting.Core\Dependencies\DotNetZip\Unity.VisualScripting.IonicZip.dll
Native extension for WindowsStandalone target not found
Native extension for WebGL target not found
Refreshing native plugins compatible for Editor in 0.99 ms, found 3 plugins.
Preloading 0 native plugins for Editor in 0.00 ms.
Mono: successfully reloaded assembly
- Completed reload, in  1.455 seconds
Domain Reload Profiling:
	ReloadAssembly (1456ms)
		BeginReloadAssembly (194ms)
			ExecutionOrderSort (0ms)
			DisableScriptedObjects (5ms)
			BackupInstance (0ms)
			ReleaseScriptingObjects (0ms)
			CreateAndSetChildDomain (56ms)
		EndReloadAssembly (1122ms)
			LoadAssemblies (127ms)
			RebuildTransferFunctionScriptingTraits (0ms)
			SetupTypeCache (369ms)
			ReleaseScriptCaches (2ms)
			RebuildScriptCaches (75ms)
			SetupLoadedEditorAssemblies (487ms)
				LogAssemblyErrors (0ms)
				InitializePlatformSupportModulesInManaged (27ms)
				SetLoadedEditorAssemblies (1ms)
				RefreshPlugins (1ms)
				BeforeProcessingInitializeOnLoad (93ms)
				ProcessInitializeOnLoadAttributes (319ms)
				ProcessInitializeOnLoadMethodAttributes (33ms)
				AfterProcessingInitializeOnLoad (12ms)
				EditorAssembliesLoaded (0ms)
			ExecutionOrderSort2 (0ms)
			AwakeInstancesAfterBackupRestoration (12ms)
Platform modules already initialized, skipping
Refreshing native plugins compatible for Editor in 3.67 ms, found 3 plugins.
Preloading 0 native plugins for Editor in 0.00 ms.
Unloading 3527 Unused Serialized files (Serialized files now loaded: 0)
Unloading 21 unused Assets / (149.2 KB). Loaded Objects now: 4077.
Memory consumption went from 133.7 MB to 133.6 MB.
Total: 4.618700 ms (FindLiveObjects: 0.502000 ms CreateObjectMapping: 0.462200 ms MarkObjects: 3.491800 ms  DeleteObjects: 0.160800 ms)

AssetImportParameters requested are different than current active one (requested -> active):
  custom:video-decoder-ogg-theora: a1e56fd34408186e4bbccfd4996cb3dc -> 
  custom:container-muxer-webm: aa71ff27fc2769a1b78a27578f13a17b -> 
  custom:container-demuxer-webm: 4f35f7cbe854078d1ac9338744f61a02 -> 
  custom:video-encoder-webm-vp8: eb34c28f22e8b96e1ab97ce403110664 -> 
  custom:audio-encoder-webm-vorbis: bf7c407c2cedff20999df2af8eb42d56 -> 
  custom:framework-win-MediaFoundation: 216162199b28c13a410421893ffa2e32 -> 
  custom:container-demuxer-ogg: 62fdf1f143b41e24485cea50d1cbac27 -> 
  custom:video-decoder-webm-vp8: 9c59270c3fd7afecdb556c50c9e8de78 -> 
  custom:audio-decoder-ogg-vorbis: bf7c407c2cedff20999df2af8eb42d56 -> 
========================================================================
Received Prepare
Registering precompiled user dll's ...
Registered in 0.011395 seconds.
Begin MonoManager ReloadAssembly
Symbol file LoadedFromMemory doesn't match image C:\Users\drago\OneDrive\Documente\GitHub\Tanks-Project\Library\PackageCache\com.unity.visualscripting@1.7.8\Editor\VisualScripting.Core\Dependencies\YamlDotNet\Unity.VisualScripting.YamlDotNet.dll
Symbol file LoadedFromMemory doesn't match image C:\Users\drago\OneDrive\Documente\GitHub\Tanks-Project\Library\PackageCache\com.unity.visualscripting@1.7.8\Editor\VisualScripting.Core\Dependencies\DotNetZip\Unity.VisualScripting.IonicZip.dll
Native extension for WindowsStandalone target not found
Native extension for WebGL target not found
Refreshing native plugins compatible for Editor in 0.80 ms, found 3 plugins.
Preloading 0 native plugins for Editor in 0.00 ms.
Mono: successfully reloaded assembly
- Completed reload, in  1.456 seconds
Domain Reload Profiling:
	ReloadAssembly (1457ms)
		BeginReloadAssembly (183ms)
			ExecutionOrderSort (0ms)
			DisableScriptedObjects (7ms)
			BackupInstance (0ms)
			ReleaseScriptingObjects (0ms)
			CreateAndSetChildDomain (57ms)
		EndReloadAssembly (1139ms)
			LoadAssemblies (119ms)
			RebuildTransferFunctionScriptingTraits (0ms)
			SetupTypeCache (418ms)
			ReleaseScriptCaches (2ms)
			RebuildScriptCaches (79ms)
			SetupLoadedEditorAssemblies (459ms)
				LogAssemblyErrors (0ms)
				InitializePlatformSupportModulesInManaged (22ms)
				SetLoadedEditorAssemblies (1ms)
				RefreshPlugins (1ms)
				BeforeProcessingInitializeOnLoad (86ms)
				ProcessInitializeOnLoadAttributes (300ms)
				ProcessInitializeOnLoadMethodAttributes (37ms)
				AfterProcessingInitializeOnLoad (14ms)
				EditorAssembliesLoaded (0ms)
			ExecutionOrderSort2 (0ms)
			AwakeInstancesAfterBackupRestoration (8ms)
Platform modules already initialized, skipping
Refreshing native plugins compatible for Editor in 5.00 ms, found 3 plugins.
Preloading 0 native plugins for Editor in 0.00 ms.
Unloading 3527 Unused Serialized files (Serialized files now loaded: 0)
Unloading 21 unused Assets / (149.3 KB). Loaded Objects now: 4092.
Memory consumption went from 133.8 MB to 133.6 MB.
Total: 5.471200 ms (FindLiveObjects: 0.619900 ms CreateObjectMapping: 0.304300 ms MarkObjects: 4.429800 ms  DeleteObjects: 0.115300 ms)

AssetImportParameters requested are different than current active one (requested -> active):
  custom:video-decoder-ogg-theora: a1e56fd34408186e4bbccfd4996cb3dc -> 
  custom:container-muxer-webm: aa71ff27fc2769a1b78a27578f13a17b -> 
  custom:container-demuxer-webm: 4f35f7cbe854078d1ac9338744f61a02 -> 
  custom:video-encoder-webm-vp8: eb34c28f22e8b96e1ab97ce403110664 -> 
  custom:audio-encoder-webm-vorbis: bf7c407c2cedff20999df2af8eb42d56 -> 
  custom:framework-win-MediaFoundation: 216162199b28c13a410421893ffa2e32 -> 
  custom:container-demuxer-ogg: 62fdf1f143b41e24485cea50d1cbac27 -> 
  custom:video-decoder-webm-vp8: 9c59270c3fd7afecdb556c50c9e8de78 -> 
  custom:audio-decoder-ogg-vorbis: bf7c407c2cedff20999df2af8eb42d56 -> 
========================================================================
Received Prepare
Registering precompiled user dll's ...
Registered in 0.010954 seconds.
Begin MonoManager ReloadAssembly
Symbol file LoadedFromMemory doesn't match image C:\Users\drago\OneDrive\Documente\GitHub\Tanks-Project\Library\PackageCache\com.unity.visualscripting@1.7.8\Editor\VisualScripting.Core\Dependencies\YamlDotNet\Unity.VisualScripting.YamlDotNet.dll
Symbol file LoadedFromMemory doesn't match image C:\Users\drago\OneDrive\Documente\GitHub\Tanks-Project\Library\PackageCache\com.unity.visualscripting@1.7.8\Editor\VisualScripting.Core\Dependencies\DotNetZip\Unity.VisualScripting.IonicZip.dll
Native extension for WindowsStandalone target not found
Native extension for WebGL target not found
Refreshing native plugins compatible for Editor in 1.14 ms, found 3 plugins.
Preloading 0 native plugins for Editor in 0.00 ms.
Mono: successfully reloaded assembly
- Completed reload, in  1.386 seconds
Domain Reload Profiling:
	ReloadAssembly (1386ms)
		BeginReloadAssembly (181ms)
			ExecutionOrderSort (0ms)
			DisableScriptedObjects (6ms)
			BackupInstance (0ms)
			ReleaseScriptingObjects (0ms)
			CreateAndSetChildDomain (48ms)
		EndReloadAssembly (1081ms)
			LoadAssemblies (119ms)
			RebuildTransferFunctionScriptingTraits (0ms)
			SetupTypeCache (362ms)
			ReleaseScriptCaches (2ms)
			RebuildScriptCaches (78ms)
			SetupLoadedEditorAssemblies (468ms)
				LogAssemblyErrors (0ms)
				InitializePlatformSupportModulesInManaged (17ms)
				SetLoadedEditorAssemblies (1ms)
				RefreshPlugins (1ms)
				BeforeProcessingInitializeOnLoad (95ms)
				ProcessInitializeOnLoadAttributes (308ms)
				ProcessInitializeOnLoadMethodAttributes (34ms)
				AfterProcessingInitializeOnLoad (12ms)
				EditorAssembliesLoaded (0ms)
			ExecutionOrderSort2 (0ms)
			AwakeInstancesAfterBackupRestoration (8ms)
Platform modules already initialized, skipping
Refreshing native plugins compatible for Editor in 3.56 ms, found 3 plugins.
Preloading 0 native plugins for Editor in 0.00 ms.
Unloading 3527 Unused Serialized files (Serialized files now loaded: 0)
Unloading 21 unused Assets / (149.2 KB). Loaded Objects now: 4107.
Memory consumption went from 133.8 MB to 133.6 MB.
Total: 3.818600 ms (FindLiveObjects: 0.432500 ms CreateObjectMapping: 0.353700 ms MarkObjects: 2.845100 ms  DeleteObjects: 0.185900 ms)

AssetImportParameters requested are different than current active one (requested -> active):
  custom:video-decoder-ogg-theora: a1e56fd34408186e4bbccfd4996cb3dc -> 
  custom:container-muxer-webm: aa71ff27fc2769a1b78a27578f13a17b -> 
  custom:container-demuxer-webm: 4f35f7cbe854078d1ac9338744f61a02 -> 
  custom:video-encoder-webm-vp8: eb34c28f22e8b96e1ab97ce403110664 -> 
  custom:audio-encoder-webm-vorbis: bf7c407c2cedff20999df2af8eb42d56 -> 
  custom:framework-win-MediaFoundation: 216162199b28c13a410421893ffa2e32 -> 
  custom:container-demuxer-ogg: 62fdf1f143b41e24485cea50d1cbac27 -> 
  custom:video-decoder-webm-vp8: 9c59270c3fd7afecdb556c50c9e8de78 -> 
  custom:audio-decoder-ogg-vorbis: bf7c407c2cedff20999df2af8eb42d56 -> 
========================================================================
Received Prepare
Registering precompiled user dll's ...
Registered in 0.009954 seconds.
Begin MonoManager ReloadAssembly
Symbol file LoadedFromMemory doesn't match image C:\Users\drago\OneDrive\Documente\GitHub\Tanks-Project\Library\PackageCache\com.unity.visualscripting@1.7.8\Editor\VisualScripting.Core\Dependencies\YamlDotNet\Unity.VisualScripting.YamlDotNet.dll
Symbol file LoadedFromMemory doesn't match image C:\Users\drago\OneDrive\Documente\GitHub\Tanks-Project\Library\PackageCache\com.unity.visualscripting@1.7.8\Editor\VisualScripting.Core\Dependencies\DotNetZip\Unity.VisualScripting.IonicZip.dll
Native extension for WindowsStandalone target not found
Native extension for WebGL target not found
Refreshing native plugins compatible for Editor in 0.91 ms, found 3 plugins.
Preloading 0 native plugins for Editor in 0.00 ms.
Mono: successfully reloaded assembly
- Completed reload, in  1.578 seconds
Domain Reload Profiling:
	ReloadAssembly (1579ms)
		BeginReloadAssembly (186ms)
			ExecutionOrderSort (0ms)
			DisableScriptedObjects (5ms)
			BackupInstance (0ms)
			ReleaseScriptingObjects (0ms)
			CreateAndSetChildDomain (54ms)
		EndReloadAssembly (1259ms)
			LoadAssemblies (121ms)
			RebuildTransferFunctionScriptingTraits (0ms)
			SetupTypeCache (380ms)
			ReleaseScriptCaches (2ms)
			RebuildScriptCaches (70ms)
			SetupLoadedEditorAssemblies (595ms)
				LogAssemblyErrors (0ms)
				InitializePlatformSupportModulesInManaged (25ms)
				SetLoadedEditorAssemblies (1ms)
				RefreshPlugins (1ms)
				BeforeProcessingInitializeOnLoad (100ms)
				ProcessInitializeOnLoadAttributes (402ms)
				ProcessInitializeOnLoadMethodAttributes (49ms)
				AfterProcessingInitializeOnLoad (17ms)
				EditorAssembliesLoaded (0ms)
			ExecutionOrderSort2 (0ms)
			AwakeInstancesAfterBackupRestoration (14ms)
Platform modules already initialized, skipping
Refreshing native plugins compatible for Editor in 3.00 ms, found 3 plugins.
Preloading 0 native plugins for Editor in 0.00 ms.
Unloading 3527 Unused Serialized files (Serialized files now loaded: 0)
Unloading 21 unused Assets / (149.2 KB). Loaded Objects now: 4122.
Memory consumption went from 133.8 MB to 133.6 MB.
Total: 5.750100 ms (FindLiveObjects: 0.504500 ms CreateObjectMapping: 0.170000 ms MarkObjects: 4.903100 ms  DeleteObjects: 0.171000 ms)

AssetImportParameters requested are different than current active one (requested -> active):
  custom:video-decoder-ogg-theora: a1e56fd34408186e4bbccfd4996cb3dc -> 
  custom:container-muxer-webm: aa71ff27fc2769a1b78a27578f13a17b -> 
  custom:container-demuxer-webm: 4f35f7cbe854078d1ac9338744f61a02 -> 
  custom:video-encoder-webm-vp8: eb34c28f22e8b96e1ab97ce403110664 -> 
  custom:audio-encoder-webm-vorbis: bf7c407c2cedff20999df2af8eb42d56 -> 
  custom:framework-win-MediaFoundation: 216162199b28c13a410421893ffa2e32 -> 
  custom:container-demuxer-ogg: 62fdf1f143b41e24485cea50d1cbac27 -> 
  custom:video-decoder-webm-vp8: 9c59270c3fd7afecdb556c50c9e8de78 -> 
  custom:audio-decoder-ogg-vorbis: bf7c407c2cedff20999df2af8eb42d56 -> 
========================================================================
Received Prepare
Registering precompiled user dll's ...
Registered in 0.011931 seconds.
Begin MonoManager ReloadAssembly
Symbol file LoadedFromMemory doesn't match image C:\Users\drago\OneDrive\Documente\GitHub\Tanks-Project\Library\PackageCache\com.unity.visualscripting@1.7.8\Editor\VisualScripting.Core\Dependencies\YamlDotNet\Unity.VisualScripting.YamlDotNet.dll
Symbol file LoadedFromMemory doesn't match image C:\Users\drago\OneDrive\Documente\GitHub\Tanks-Project\Library\PackageCache\com.unity.visualscripting@1.7.8\Editor\VisualScripting.Core\Dependencies\DotNetZip\Unity.VisualScripting.IonicZip.dll
Native extension for WindowsStandalone target not found
Native extension for WebGL target not found
Refreshing native plugins compatible for Editor in 0.68 ms, found 3 plugins.
Preloading 0 native plugins for Editor in 0.00 ms.
Mono: successfully reloaded assembly
- Completed reload, in  1.391 seconds
Domain Reload Profiling:
	ReloadAssembly (1392ms)
		BeginReloadAssembly (191ms)
			ExecutionOrderSort (0ms)
			DisableScriptedObjects (6ms)
			BackupInstance (0ms)
			ReleaseScriptingObjects (0ms)
			CreateAndSetChildDomain (52ms)
		EndReloadAssembly (1072ms)
			LoadAssemblies (126ms)
			RebuildTransferFunctionScriptingTraits (0ms)
			SetupTypeCache (353ms)
			ReleaseScriptCaches (2ms)
			RebuildScriptCaches (62ms)
			SetupLoadedEditorAssemblies (493ms)
				LogAssemblyErrors (0ms)
				InitializePlatformSupportModulesInManaged (17ms)
				SetLoadedEditorAssemblies (1ms)
				RefreshPlugins (1ms)
				BeforeProcessingInitializeOnLoad (81ms)
				ProcessInitializeOnLoadAttributes (332ms)
				ProcessInitializeOnLoadMethodAttributes (49ms)
				AfterProcessingInitializeOnLoad (12ms)
				EditorAssembliesLoaded (0ms)
			ExecutionOrderSort2 (0ms)
			AwakeInstancesAfterBackupRestoration (8ms)
Platform modules already initialized, skipping
Refreshing native plugins compatible for Editor in 4.50 ms, found 3 plugins.
Preloading 0 native plugins for Editor in 0.00 ms.
Unloading 3581 Unused Serialized files (Serialized files now loaded: 0)
Unloading 21 unused Assets / (149.3 KB). Loaded Objects now: 4191.
Memory consumption went from 137.1 MB to 137.0 MB.
Total: 4.944500 ms (FindLiveObjects: 0.348800 ms CreateObjectMapping: 0.328200 ms MarkObjects: 4.131300 ms  DeleteObjects: 0.134900 ms)

AssetImportParameters requested are different than current active one (requested -> active):
  custom:video-decoder-ogg-theora: a1e56fd34408186e4bbccfd4996cb3dc -> 
  custom:container-muxer-webm: aa71ff27fc2769a1b78a27578f13a17b -> 
  custom:container-demuxer-webm: 4f35f7cbe854078d1ac9338744f61a02 -> 
  custom:video-encoder-webm-vp8: eb34c28f22e8b96e1ab97ce403110664 -> 
  custom:audio-encoder-webm-vorbis: bf7c407c2cedff20999df2af8eb42d56 -> 
  custom:framework-win-MediaFoundation: 216162199b28c13a410421893ffa2e32 -> 
  custom:container-demuxer-ogg: 62fdf1f143b41e24485cea50d1cbac27 -> 
  custom:video-decoder-webm-vp8: 9c59270c3fd7afecdb556c50c9e8de78 -> 
  custom:audio-decoder-ogg-vorbis: bf7c407c2cedff20999df2af8eb42d56 -> 
========================================================================
Received Import Request.
  Time since last request: 1077.956064 seconds.
  path: Assets/Kawaii_Tanks_Project (Free)/ReadMe [Ver.2.0]
  artifactKey: Guid(d204fb72544103146bf13be45a54ba08) Importer(815301076,1909f56bfc062723c751e8b465ee728b)
Start importing Assets/Kawaii_Tanks_Project (Free)/ReadMe [Ver.2.0] using Guid(d204fb72544103146bf13be45a54ba08) Importer(815301076,1909f56bfc062723c751e8b465ee728b)  -> (artifact id: '5609c1695c9e894913637cb70c1e2734') in 0.015861 seconds 
========================================================================
Received Import Request.
  Time since last request: 0.521764 seconds.
  path: Assets/Kawaii_Tanks_Project (Free)/Scenes
  artifactKey: Guid(7ce95af9e1be86045980be33284e8767) Importer(815301076,1909f56bfc062723c751e8b465ee728b)
Start importing Assets/Kawaii_Tanks_Project (Free)/Scenes using Guid(7ce95af9e1be86045980be33284e8767) Importer(815301076,1909f56bfc062723c751e8b465ee728b)  -> (artifact id: '73ac45eebb6ce81bb437981de4bc65e9') in 0.005896 seconds 
========================================================================
Received Import Request.
  Time since last request: 2.136922 seconds.
  path: Assets/Kawaii_Tanks_Project (Free)/Scenes/Test_Field.unity
  artifactKey: Guid(0c6c6c4af707b55448fd190736aba425) Importer(815301076,1909f56bfc062723c751e8b465ee728b)
Start importing Assets/Kawaii_Tanks_Project (Free)/Scenes/Test_Field.unity using Guid(0c6c6c4af707b55448fd190736aba425) Importer(815301076,1909f56bfc062723c751e8b465ee728b)  -> (artifact id: '7fe5837bb921e78a04dd0432e0f04e15') in 0.006358 seconds 
========================================================================
Received Prepare
Registering precompiled user dll's ...
Registered in 0.011164 seconds.
Begin MonoManager ReloadAssembly
Symbol file LoadedFromMemory doesn't match image C:\Users\drago\OneDrive\Documente\GitHub\Tanks-Project\Library\PackageCache\com.unity.visualscripting@1.7.8\Editor\VisualScripting.Core\Dependencies\YamlDotNet\Unity.VisualScripting.YamlDotNet.dll
Symbol file LoadedFromMemory doesn't match image C:\Users\drago\OneDrive\Documente\GitHub\Tanks-Project\Library\PackageCache\com.unity.visualscripting@1.7.8\Editor\VisualScripting.Core\Dependencies\DotNetZip\Unity.VisualScripting.IonicZip.dll
Native extension for WindowsStandalone target not found
Native extension for WebGL target not found
Refreshing native plugins compatible for Editor in 1.10 ms, found 3 plugins.
Preloading 0 native plugins for Editor in 0.00 ms.
Mono: successfully reloaded assembly
- Completed reload, in  1.663 seconds
Domain Reload Profiling:
	ReloadAssembly (1663ms)
		BeginReloadAssembly (209ms)
			ExecutionOrderSort (0ms)
			DisableScriptedObjects (9ms)
			BackupInstance (0ms)
			ReleaseScriptingObjects (0ms)
			CreateAndSetChildDomain (52ms)
		EndReloadAssembly (1246ms)
			LoadAssemblies (126ms)
			RebuildTransferFunctionScriptingTraits (0ms)
			SetupTypeCache (397ms)
			ReleaseScriptCaches (2ms)
			RebuildScriptCaches (96ms)
			SetupLoadedEditorAssemblies (547ms)
				LogAssemblyErrors (0ms)
				InitializePlatformSupportModulesInManaged (21ms)
				SetLoadedEditorAssemblies (1ms)
				RefreshPlugins (1ms)
				BeforeProcessingInitializeOnLoad (96ms)
				ProcessInitializeOnLoadAttributes (367ms)
				ProcessInitializeOnLoadMethodAttributes (47ms)
				AfterProcessingInitializeOnLoad (15ms)
				EditorAssembliesLoaded (1ms)
			ExecutionOrderSort2 (0ms)
			AwakeInstancesAfterBackupRestoration (14ms)
Platform modules already initialized, skipping
Refreshing native plugins compatible for Editor in 4.15 ms, found 3 plugins.
Preloading 0 native plugins for Editor in 0.00 ms.
Unloading 3581 Unused Serialized files (Serialized files now loaded: 0)
Unloading 21 unused Assets / (149.2 KB). Loaded Objects now: 4206.
Memory consumption went from 137.1 MB to 137.0 MB.
Total: 4.662200 ms (FindLiveObjects: 0.380600 ms CreateObjectMapping: 0.130600 ms MarkObjects: 4.024800 ms  DeleteObjects: 0.124900 ms)

AssetImportParameters requested are different than current active one (requested -> active):
  custom:video-decoder-ogg-theora: a1e56fd34408186e4bbccfd4996cb3dc -> 
  custom:container-muxer-webm: aa71ff27fc2769a1b78a27578f13a17b -> 
  custom:container-demuxer-webm: 4f35f7cbe854078d1ac9338744f61a02 -> 
  custom:video-encoder-webm-vp8: eb34c28f22e8b96e1ab97ce403110664 -> 
  custom:audio-encoder-webm-vorbis: bf7c407c2cedff20999df2af8eb42d56 -> 
  custom:framework-win-MediaFoundation: 216162199b28c13a410421893ffa2e32 -> 
  custom:container-demuxer-ogg: 62fdf1f143b41e24485cea50d1cbac27 -> 
  custom:video-decoder-webm-vp8: 9c59270c3fd7afecdb556c50c9e8de78 -> 
  custom:audio-decoder-ogg-vorbis: bf7c407c2cedff20999df2af8eb42d56 -> 
========================================================================
Received Import Request.
  Time since last request: 321.063085 seconds.
  path: Assets/Kawaii_Tanks_Project (Free)/Scenes/Town.unity
  artifactKey: Guid(be7bcb770a1f63c49a93dd3d90f90c14) Importer(815301076,1909f56bfc062723c751e8b465ee728b)
Start importing Assets/Kawaii_Tanks_Project (Free)/Scenes/Town.unity using Guid(be7bcb770a1f63c49a93dd3d90f90c14) Importer(815301076,1909f56bfc062723c751e8b465ee728b)  -> (artifact id: '643d498138702e244cdc9ea8f14c94f1') in 0.019366 seconds 
========================================================================
Received Prepare
Registering precompiled user dll's ...
Registered in 0.009801 seconds.
Begin MonoManager ReloadAssembly
Symbol file LoadedFromMemory doesn't match image C:\Users\drago\OneDrive\Documente\GitHub\Tanks-Project\Library\PackageCache\com.unity.visualscripting@1.7.8\Editor\VisualScripting.Core\Dependencies\YamlDotNet\Unity.VisualScripting.YamlDotNet.dll
Symbol file LoadedFromMemory doesn't match image C:\Users\drago\OneDrive\Documente\GitHub\Tanks-Project\Library\PackageCache\com.unity.visualscripting@1.7.8\Editor\VisualScripting.Core\Dependencies\DotNetZip\Unity.VisualScripting.IonicZip.dll
Native extension for WindowsStandalone target not found
Native extension for WebGL target not found
Refreshing native plugins compatible for Editor in 1.16 ms, found 3 plugins.
Preloading 0 native plugins for Editor in 0.00 ms.
Mono: successfully reloaded assembly
- Completed reload, in  1.442 seconds
Domain Reload Profiling:
	ReloadAssembly (1443ms)
		BeginReloadAssembly (183ms)
			ExecutionOrderSort (0ms)
			DisableScriptedObjects (5ms)
			BackupInstance (0ms)
			ReleaseScriptingObjects (0ms)
			CreateAndSetChildDomain (50ms)
		EndReloadAssembly (1128ms)
			LoadAssemblies (127ms)
			RebuildTransferFunctionScriptingTraits (0ms)
			SetupTypeCache (362ms)
			ReleaseScriptCaches (2ms)
			RebuildScriptCaches (62ms)
			SetupLoadedEditorAssemblies (520ms)
				LogAssemblyErrors (0ms)
				InitializePlatformSupportModulesInManaged (23ms)
				SetLoadedEditorAssemblies (1ms)
				RefreshPlugins (1ms)
				BeforeProcessingInitializeOnLoad (106ms)
				ProcessInitializeOnLoadAttributes (338ms)
				ProcessInitializeOnLoadMethodAttributes (39ms)
				AfterProcessingInitializeOnLoad (12ms)
				EditorAssembliesLoaded (0ms)
			ExecutionOrderSort2 (0ms)
			AwakeInstancesAfterBackupRestoration (10ms)
Platform modules already initialized, skipping
Refreshing native plugins compatible for Editor in 3.27 ms, found 3 plugins.
Preloading 0 native plugins for Editor in 0.00 ms.
Unloading 3581 Unused Serialized files (Serialized files now loaded: 0)
Unloading 21 unused Assets / (149.4 KB). Loaded Objects now: 4221.
Memory consumption went from 137.2 MB to 137.0 MB.
Total: 7.551700 ms (FindLiveObjects: 0.367700 ms CreateObjectMapping: 0.324400 ms MarkObjects: 6.055300 ms  DeleteObjects: 0.802300 ms)

AssetImportParameters requested are different than current active one (requested -> active):
  custom:video-decoder-ogg-theora: a1e56fd34408186e4bbccfd4996cb3dc -> 
  custom:container-muxer-webm: aa71ff27fc2769a1b78a27578f13a17b -> 
  custom:container-demuxer-webm: 4f35f7cbe854078d1ac9338744f61a02 -> 
  custom:video-encoder-webm-vp8: eb34c28f22e8b96e1ab97ce403110664 -> 
  custom:audio-encoder-webm-vorbis: bf7c407c2cedff20999df2af8eb42d56 -> 
  custom:framework-win-MediaFoundation: 216162199b28c13a410421893ffa2e32 -> 
  custom:container-demuxer-ogg: 62fdf1f143b41e24485cea50d1cbac27 -> 
  custom:video-decoder-webm-vp8: 9c59270c3fd7afecdb556c50c9e8de78 -> 
  custom:audio-decoder-ogg-vorbis: bf7c407c2cedff20999df2af8eb42d56 -> 
========================================================================
Received Prepare
Registering precompiled user dll's ...
Registered in 0.010705 seconds.
Begin MonoManager ReloadAssembly
Symbol file LoadedFromMemory doesn't match image C:\Users\drago\OneDrive\Documente\GitHub\Tanks-Project\Library\PackageCache\com.unity.visualscripting@1.7.8\Editor\VisualScripting.Core\Dependencies\YamlDotNet\Unity.VisualScripting.YamlDotNet.dll
Symbol file LoadedFromMemory doesn't match image C:\Users\drago\OneDrive\Documente\GitHub\Tanks-Project\Library\PackageCache\com.unity.visualscripting@1.7.8\Editor\VisualScripting.Core\Dependencies\DotNetZip\Unity.VisualScripting.IonicZip.dll
Native extension for WindowsStandalone target not found
Native extension for WebGL target not found
Refreshing native plugins compatible for Editor in 0.90 ms, found 3 plugins.
Preloading 0 native plugins for Editor in 0.00 ms.
Mono: successfully reloaded assembly
- Completed reload, in  1.525 seconds
Domain Reload Profiling:
	ReloadAssembly (1526ms)
		BeginReloadAssembly (187ms)
			ExecutionOrderSort (0ms)
			DisableScriptedObjects (6ms)
			BackupInstance (0ms)
			ReleaseScriptingObjects (0ms)
			CreateAndSetChildDomain (53ms)
		EndReloadAssembly (1207ms)
			LoadAssemblies (134ms)
			RebuildTransferFunctionScriptingTraits (0ms)
			SetupTypeCache (374ms)
			ReleaseScriptCaches (2ms)
			RebuildScriptCaches (65ms)
			SetupLoadedEditorAssemblies (580ms)
				LogAssemblyErrors (0ms)
				InitializePlatformSupportModulesInManaged (19ms)
				SetLoadedEditorAssemblies (0ms)
				RefreshPlugins (1ms)
				BeforeProcessingInitializeOnLoad (96ms)
				ProcessInitializeOnLoadAttributes (411ms)
				ProcessInitializeOnLoadMethodAttributes (39ms)
				AfterProcessingInitializeOnLoad (13ms)
				EditorAssembliesLoaded (0ms)
			ExecutionOrderSort2 (0ms)
			AwakeInstancesAfterBackupRestoration (9ms)
Platform modules already initialized, skipping
Refreshing native plugins compatible for Editor in 3.46 ms, found 3 plugins.
Preloading 0 native plugins for Editor in 0.00 ms.
Unloading 3581 Unused Serialized files (Serialized files now loaded: 0)
Unloading 21 unused Assets / (149.4 KB). Loaded Objects now: 4236.
Memory consumption went from 137.2 MB to 137.0 MB.
Total: 5.860500 ms (FindLiveObjects: 0.593500 ms CreateObjectMapping: 0.413500 ms MarkObjects: 4.661600 ms  DeleteObjects: 0.190300 ms)

AssetImportParameters requested are different than current active one (requested -> active):
  custom:video-decoder-ogg-theora: a1e56fd34408186e4bbccfd4996cb3dc -> 
  custom:container-muxer-webm: aa71ff27fc2769a1b78a27578f13a17b -> 
  custom:container-demuxer-webm: 4f35f7cbe854078d1ac9338744f61a02 -> 
  custom:video-encoder-webm-vp8: eb34c28f22e8b96e1ab97ce403110664 -> 
  custom:audio-encoder-webm-vorbis: bf7c407c2cedff20999df2af8eb42d56 -> 
  custom:framework-win-MediaFoundation: 216162199b28c13a410421893ffa2e32 -> 
  custom:container-demuxer-ogg: 62fdf1f143b41e24485cea50d1cbac27 -> 
  custom:video-decoder-webm-vp8: 9c59270c3fd7afecdb556c50c9e8de78 -> 
  custom:audio-decoder-ogg-vorbis: bf7c407c2cedff20999df2af8eb42d56 -> 
========================================================================
Received Prepare
Registering precompiled user dll's ...
Registered in 0.009987 seconds.
Begin MonoManager ReloadAssembly
Symbol file LoadedFromMemory doesn't match image C:\Users\drago\OneDrive\Documente\GitHub\Tanks-Project\Library\PackageCache\com.unity.visualscripting@1.7.8\Editor\VisualScripting.Core\Dependencies\YamlDotNet\Unity.VisualScripting.YamlDotNet.dll
Symbol file LoadedFromMemory doesn't match image C:\Users\drago\OneDrive\Documente\GitHub\Tanks-Project\Library\PackageCache\com.unity.visualscripting@1.7.8\Editor\VisualScripting.Core\Dependencies\DotNetZip\Unity.VisualScripting.IonicZip.dll
Native extension for WindowsStandalone target not found
Native extension for WebGL target not found
Refreshing native plugins compatible for Editor in 1.11 ms, found 3 plugins.
Preloading 0 native plugins for Editor in 0.00 ms.
Mono: successfully reloaded assembly
- Completed reload, in  1.498 seconds
Domain Reload Profiling:
	ReloadAssembly (1499ms)
		BeginReloadAssembly (179ms)
			ExecutionOrderSort (0ms)
			DisableScriptedObjects (5ms)
			BackupInstance (0ms)
			ReleaseScriptingObjects (0ms)
			CreateAndSetChildDomain (47ms)
		EndReloadAssembly (1188ms)
			LoadAssemblies (115ms)
			RebuildTransferFunctionScriptingTraits (0ms)
			SetupTypeCache (381ms)
			ReleaseScriptCaches (2ms)
			RebuildScriptCaches (67ms)
			SetupLoadedEditorAssemblies (561ms)
				LogAssemblyErrors (0ms)
				InitializePlatformSupportModulesInManaged (23ms)
				SetLoadedEditorAssemblies (1ms)
				RefreshPlugins (1ms)
				BeforeProcessingInitializeOnLoad (109ms)
				ProcessInitializeOnLoadAttributes (379ms)
				ProcessInitializeOnLoadMethodAttributes (34ms)
				AfterProcessingInitializeOnLoad (14ms)
				EditorAssembliesLoaded (0ms)
			ExecutionOrderSort2 (0ms)
			AwakeInstancesAfterBackupRestoration (12ms)
Platform modules already initialized, skipping
Refreshing native plugins compatible for Editor in 5.07 ms, found 3 plugins.
Preloading 0 native plugins for Editor in 0.00 ms.
Unloading 3581 Unused Serialized files (Serialized files now loaded: 0)
Unloading 21 unused Assets / (149.3 KB). Loaded Objects now: 4251.
Memory consumption went from 137.2 MB to 137.1 MB.
Total: 5.149200 ms (FindLiveObjects: 0.661700 ms CreateObjectMapping: 0.268900 ms MarkObjects: 4.082300 ms  DeleteObjects: 0.133700 ms)

AssetImportParameters requested are different than current active one (requested -> active):
  custom:video-decoder-ogg-theora: a1e56fd34408186e4bbccfd4996cb3dc -> 
  custom:container-muxer-webm: aa71ff27fc2769a1b78a27578f13a17b -> 
  custom:container-demuxer-webm: 4f35f7cbe854078d1ac9338744f61a02 -> 
  custom:video-encoder-webm-vp8: eb34c28f22e8b96e1ab97ce403110664 -> 
  custom:audio-encoder-webm-vorbis: bf7c407c2cedff20999df2af8eb42d56 -> 
  custom:framework-win-MediaFoundation: 216162199b28c13a410421893ffa2e32 -> 
  custom:container-demuxer-ogg: 62fdf1f143b41e24485cea50d1cbac27 -> 
  custom:video-decoder-webm-vp8: 9c59270c3fd7afecdb556c50c9e8de78 -> 
  custom:audio-decoder-ogg-vorbis: bf7c407c2cedff20999df2af8eb42d56 -> 
========================================================================
Received Import Request.
  Time since last request: 575.783334 seconds.
  path: Assets/Kawaii_Tanks_Project (Free)/Scripts
  artifactKey: Guid(7baa33124040c894792d7ae7eb10fa7e) Importer(815301076,1909f56bfc062723c751e8b465ee728b)
Start importing Assets/Kawaii_Tanks_Project (Free)/Scripts using Guid(7baa33124040c894792d7ae7eb10fa7e) Importer(815301076,1909f56bfc062723c751e8b465ee728b)  -> (artifact id: 'f12cabc0705163a810441a09f4019538') in 0.013373 seconds 
========================================================================
Received Import Request.
  Time since last request: 2.201013 seconds.
  path: Assets/Kawaii_Tanks_Project (Free)/Scripts/AimMarker_Control_CS.cs
  artifactKey: Guid(a444eee3915b8e346a1c1a42e9a05c0e) Importer(815301076,1909f56bfc062723c751e8b465ee728b)
Start importing Assets/Kawaii_Tanks_Project (Free)/Scripts/AimMarker_Control_CS.cs using Guid(a444eee3915b8e346a1c1a42e9a05c0e) Importer(815301076,1909f56bfc062723c751e8b465ee728b)  -> (artifact id: '55e590192b128251bec66bbc26abb87c') in 0.006462 seconds 
========================================================================
Received Import Request.
  Time since last request: 0.321838 seconds.
  path: Assets/Kawaii_Tanks_Project (Free)/Scripts/Armor_Collider_CS.cs
  artifactKey: Guid(1bcf20a36faac444397f9a413303d19d) Importer(815301076,1909f56bfc062723c751e8b465ee728b)
Start importing Assets/Kawaii_Tanks_Project (Free)/Scripts/Armor_Collider_CS.cs using Guid(1bcf20a36faac444397f9a413303d19d) Importer(815301076,1909f56bfc062723c751e8b465ee728b)  -> (artifact id: 'ac0857703645b1b484cdda993af6e75f') in 0.006087 seconds 
========================================================================
Received Import Request.
  Time since last request: 0.417643 seconds.
  path: Assets/Kawaii_Tanks_Project (Free)/Scripts/Barrel_Control_CS.cs
  artifactKey: Guid(53b7eabad32ecd1409dec2bc902faffc) Importer(815301076,1909f56bfc062723c751e8b465ee728b)
Start importing Assets/Kawaii_Tanks_Project (Free)/Scripts/Barrel_Control_CS.cs using Guid(53b7eabad32ecd1409dec2bc902faffc) Importer(815301076,1909f56bfc062723c751e8b465ee728b)  -> (artifact id: '7888c23b73dbaed0efe5fbbd6a0366f8') in 0.006413 seconds 
========================================================================
Received Import Request.
  Time since last request: 1.877162 seconds.
  path: Assets/Kawaii_Tanks_Project (Free)/Scripts/Break_Object_CS.cs
  artifactKey: Guid(65b667ccd5cf4814099b658de12df20a) Importer(815301076,1909f56bfc062723c751e8b465ee728b)
Start importing Assets/Kawaii_Tanks_Project (Free)/Scripts/Break_Object_CS.cs using Guid(65b667ccd5cf4814099b658de12df20a) Importer(815301076,1909f56bfc062723c751e8b465ee728b)  -> (artifact id: '19c4e6d4a584dcb1516bcc862aeabda5') in 0.006954 seconds 
========================================================================
Received Import Request.
  Time since last request: 1.928865 seconds.
  path: Assets/Kawaii_Tanks_Project (Free)/Scripts/Bullet_Nav_CS.cs
  artifactKey: Guid(d7ab8277bd35355418c0f73c755d374f) Importer(815301076,1909f56bfc062723c751e8b465ee728b)
Start importing Assets/Kawaii_Tanks_Project (Free)/Scripts/Bullet_Nav_CS.cs using Guid(d7ab8277bd35355418c0f73c755d374f) Importer(815301076,1909f56bfc062723c751e8b465ee728b)  -> (artifact id: '32bacbdaf14ffb46bde28de4a551fb58') in 0.006485 seconds 
========================================================================
Received Import Request.
  Time since last request: 1.677033 seconds.
  path: Assets/Kawaii_Tanks_Project (Free)/Scripts/Camera_Avoid_Obstacle_CS.cs
  artifactKey: Guid(9272c611f8167874c944a1700659ec79) Importer(815301076,1909f56bfc062723c751e8b465ee728b)
Start importing Assets/Kawaii_Tanks_Project (Free)/Scripts/Camera_Avoid_Obstacle_CS.cs using Guid(9272c611f8167874c944a1700659ec79) Importer(815301076,1909f56bfc062723c751e8b465ee728b)  -> (artifact id: '7c6ca69da9449edd39e35ccd00e48243') in 0.006967 seconds 
========================================================================
Received Import Request.
  Time since last request: 9.404060 seconds.
  path: Assets/Kawaii_Tanks_Project (Free)/Scripts/Camera_Zoom_Scripts
  artifactKey: Guid(39f83c2738caec54aab5829412528e08) Importer(815301076,1909f56bfc062723c751e8b465ee728b)
Start importing Assets/Kawaii_Tanks_Project (Free)/Scripts/Camera_Zoom_Scripts using Guid(39f83c2738caec54aab5829412528e08) Importer(815301076,1909f56bfc062723c751e8b465ee728b)  -> (artifact id: '02036209a62ea0ed78efb66a02ccc794') in 0.008231 seconds 
========================================================================
Received Import Request.
  Time since last request: 1.293249 seconds.
  path: Assets/Kawaii_Tanks_Project (Free)/Scripts/Camera_Rotate_Scripts
  artifactKey: Guid(95114ab3b71579a42b74b9d188d9cdd1) Importer(815301076,1909f56bfc062723c751e8b465ee728b)
Start importing Assets/Kawaii_Tanks_Project (Free)/Scripts/Camera_Rotate_Scripts using Guid(95114ab3b71579a42b74b9d188d9cdd1) Importer(815301076,1909f56bfc062723c751e8b465ee728b)  -> (artifact id: '8bd0c44c930aade80b441aa215845b5b') in 0.007358 seconds 
========================================================================
Received Import Request.
  Time since last request: 0.928245 seconds.
  path: Assets/Kawaii_Tanks_Project (Free)/Scripts/Aiming_Control_Scripts
  artifactKey: Guid(ebeda285f94f09e4986fd74e3b40800a) Importer(815301076,1909f56bfc062723c751e8b465ee728b)
Start importing Assets/Kawaii_Tanks_Project (Free)/Scripts/Aiming_Control_Scripts using Guid(ebeda285f94f09e4986fd74e3b40800a) Importer(815301076,1909f56bfc062723c751e8b465ee728b)  -> (artifact id: '883b024979afe7e63ee2d6d298f217ed') in 0.007083 seconds 
========================================================================
Received Import Request.
  Time since last request: 0.884641 seconds.
  path: Assets/Kawaii_Tanks_Project (Free)/Scripts/Fire_Control_Scripts
  artifactKey: Guid(fc948e3022cfb9b4c8c7faf43caa024b) Importer(815301076,1909f56bfc062723c751e8b465ee728b)
Start importing Assets/Kawaii_Tanks_Project (Free)/Scripts/Fire_Control_Scripts using Guid(fc948e3022cfb9b4c8c7faf43caa024b) Importer(815301076,1909f56bfc062723c751e8b465ee728b)  -> (artifact id: '1abf615af9a884f895fc253a61fe7d01') in 0.008915 seconds 
========================================================================
Received Import Request.
  Time since last request: 0.904492 seconds.
  path: Assets/Kawaii_Tanks_Project (Free)/Scripts/GunCamera_Control_Scripts
  artifactKey: Guid(8628c263d145c534c8a797d131fddc1b) Importer(815301076,1909f56bfc062723c751e8b465ee728b)
Start importing Assets/Kawaii_Tanks_Project (Free)/Scripts/GunCamera_Control_Scripts using Guid(8628c263d145c534c8a797d131fddc1b) Importer(815301076,1909f56bfc062723c751e8b465ee728b)  -> (artifact id: 'ef39c00d8bdf3a421e3743a1eae2265c') in 0.006721 seconds 
========================================================================
Received Import Request.
  Time since last request: 0.671301 seconds.
  path: Assets/Kawaii_Tanks_Project (Free)/Scripts/Wheel_Control_Scripts
  artifactKey: Guid(cfec58573b0790146a9cc396d02ae1a1) Importer(815301076,1909f56bfc062723c751e8b465ee728b)
Start importing Assets/Kawaii_Tanks_Project (Free)/Scripts/Wheel_Control_Scripts using Guid(cfec58573b0790146a9cc396d02ae1a1) Importer(815301076,1909f56bfc062723c751e8b465ee728b)  -> (artifact id: '429b4ada727a8c36976c3aab882dba4e') in 0.016302 seconds 
========================================================================
Received Import Request.
  Time since last request: 1.748848 seconds.
  path: Assets/Kawaii_Tanks_Project (Free)/Scripts/ID_Control_CS.cs
  artifactKey: Guid(2ab668a0c7225234fa2deed3a26791e8) Importer(815301076,1909f56bfc062723c751e8b465ee728b)
Start importing Assets/Kawaii_Tanks_Project (Free)/Scripts/ID_Control_CS.cs using Guid(2ab668a0c7225234fa2deed3a26791e8) Importer(815301076,1909f56bfc062723c751e8b465ee728b)  -> (artifact id: '5a8de9164132754756755c168dfe7b1b') in 0.006552 seconds 
========================================================================
Received Import Request.
  Time since last request: 0.601651 seconds.
  path: Assets/Kawaii_Tanks_Project (Free)/Scripts/Key_Bindings_CS.cs
  artifactKey: Guid(e7777a55205d4fb468d237ffe55499ed) Importer(815301076,1909f56bfc062723c751e8b465ee728b)
Start importing Assets/Kawaii_Tanks_Project (Free)/Scripts/Key_Bindings_CS.cs using Guid(e7777a55205d4fb468d237ffe55499ed) Importer(815301076,1909f56bfc062723c751e8b465ee728b)  -> (artifact id: '02d7cebab745717367ed642752922f46') in 0.010333 seconds 
========================================================================
Received Import Request.
  Time since last request: 0.631242 seconds.
  path: Assets/Kawaii_Tanks_Project (Free)/Scripts/Layer_Settings_CS.cs
  artifactKey: Guid(ac7e74bcaa1065141970f1d4835722d7) Importer(815301076,1909f56bfc062723c751e8b465ee728b)
Start importing Assets/Kawaii_Tanks_Project (Free)/Scripts/Layer_Settings_CS.cs using Guid(ac7e74bcaa1065141970f1d4835722d7) Importer(815301076,1909f56bfc062723c751e8b465ee728b)  -> (artifact id: '2544a9133410765073661a7720eb515c') in 0.007127 seconds 
========================================================================
Received Import Request.
  Time since last request: 3.778420 seconds.
  path: Assets/Kawaii_Tanks_Project (Free)/Scripts/Wheel_Sync_CS.cs
  artifactKey: Guid(08a4a0e4792bcd545baa8671dbd2cf71) Importer(815301076,1909f56bfc062723c751e8b465ee728b)
Start importing Assets/Kawaii_Tanks_Project (Free)/Scripts/Wheel_Sync_CS.cs using Guid(08a4a0e4792bcd545baa8671dbd2cf71) Importer(815301076,1909f56bfc062723c751e8b465ee728b)  -> (artifact id: 'd7ebce6a5f80bb028a0eb1d110569eca') in 0.009313 seconds 
========================================================================
Received Import Request.
  Time since last request: 1.523256 seconds.
  path: Assets/Kawaii_Tanks_Project (Free)/Scripts/Wheel_Rotate_CS.cs
  artifactKey: Guid(8eeb9a3b851804a4488216cff4fa00aa) Importer(815301076,1909f56bfc062723c751e8b465ee728b)
Start importing Assets/Kawaii_Tanks_Project (Free)/Scripts/Wheel_Rotate_CS.cs using Guid(8eeb9a3b851804a4488216cff4fa00aa) Importer(815301076,1909f56bfc062723c751e8b465ee728b)  -> (artifact id: '8391b4df94612c2bed928d02970b92b0') in 0.006344 seconds 
========================================================================
Received Import Request.
  Time since last request: 0.882818 seconds.
  path: Assets/Kawaii_Tanks_Project (Free)/Scripts/Turret_Finishing_CS.cs
  artifactKey: Guid(e1d6dc7ad4b9c554081ba7074e6ede9a) Importer(815301076,1909f56bfc062723c751e8b465ee728b)
Start importing Assets/Kawaii_Tanks_Project (Free)/Scripts/Turret_Finishing_CS.cs using Guid(e1d6dc7ad4b9c554081ba7074e6ede9a) Importer(815301076,1909f56bfc062723c751e8b465ee728b)  -> (artifact id: '1e7f73f3b3996079d853bdb49602bb54') in 0.006348 seconds 
========================================================================
Received Import Request.
  Time since last request: 2.676737 seconds.
  path: Assets/Kawaii_Tanks_Project (Free)/Scripts/GunCamera_Control_Scripts/GunCamera_Control_Input_01_Desktop_CS.cs
  artifactKey: Guid(1d38cb5434826b44093ba5b581701b67) Importer(815301076,1909f56bfc062723c751e8b465ee728b)
Start importing Assets/Kawaii_Tanks_Project (Free)/Scripts/GunCamera_Control_Scripts/GunCamera_Control_Input_01_Desktop_CS.cs using Guid(1d38cb5434826b44093ba5b581701b67) Importer(815301076,1909f56bfc062723c751e8b465ee728b)  -> (artifact id: 'ddc2ed7579696cdcf3265b58c7c3be0f') in 0.006580 seconds 
========================================================================
Received Import Request.
  Time since last request: 0.706849 seconds.
  path: Assets/Kawaii_Tanks_Project (Free)/Scripts/GunCamera_Control_Scripts/GunCamera_Control_Input_02_Mobile_CS.cs
  artifactKey: Guid(413fb355ffac6054095ac13cbb7091a9) Importer(815301076,1909f56bfc062723c751e8b465ee728b)
Start importing Assets/Kawaii_Tanks_Project (Free)/Scripts/GunCamera_Control_Scripts/GunCamera_Control_Input_02_Mobile_CS.cs using Guid(413fb355ffac6054095ac13cbb7091a9) Importer(815301076,1909f56bfc062723c751e8b465ee728b)  -> (artifact id: '525ce1fa3d2a3e953855f4b3a411298d') in 0.006384 seconds 
========================================================================
Received Import Request.
  Time since last request: 2.853826 seconds.
  path: Assets/Kawaii_Tanks_Project (Free)/Scripts/GunCamera_Control_Scripts/GunCamera_Control_Input_00_Base_CS.cs
  artifactKey: Guid(dc7de1890068a7c43a5b591a7cf3007e) Importer(815301076,1909f56bfc062723c751e8b465ee728b)
Start importing Assets/Kawaii_Tanks_Project (Free)/Scripts/GunCamera_Control_Scripts/GunCamera_Control_Input_00_Base_CS.cs using Guid(dc7de1890068a7c43a5b591a7cf3007e) Importer(815301076,1909f56bfc062723c751e8b465ee728b)  -> (artifact id: 'af36192bac52654a89d62852b9c09eb5') in 0.006752 seconds 
========================================================================
Received Import Request.
  Time since last request: 1.360508 seconds.
  path: Assets/Kawaii_Tanks_Project (Free)/Scripts/GunCamera_Control_Scripts/GunCamera_Control_CS.cs
  artifactKey: Guid(a58e1b6ec91c11f4596b16388d7b89cf) Importer(815301076,1909f56bfc062723c751e8b465ee728b)
Start importing Assets/Kawaii_Tanks_Project (Free)/Scripts/GunCamera_Control_Scripts/GunCamera_Control_CS.cs using Guid(a58e1b6ec91c11f4596b16388d7b89cf) Importer(815301076,1909f56bfc062723c751e8b465ee728b)  -> (artifact id: 'c435e304c78284ddb342585e4357f124') in 0.005872 seconds 
========================================================================
Received Import Request.
  Time since last request: 3.705505 seconds.
  path: Assets/Kawaii_Tanks_Project (Free)/Scripts/Fire_Control_Scripts/Fire_Control_CS.cs
  artifactKey: Guid(46b83094db0787e46b5836a4f4eb4543) Importer(815301076,1909f56bfc062723c751e8b465ee728b)
Start importing Assets/Kawaii_Tanks_Project (Free)/Scripts/Fire_Control_Scripts/Fire_Control_CS.cs using Guid(46b83094db0787e46b5836a4f4eb4543) Importer(815301076,1909f56bfc062723c751e8b465ee728b)  -> (artifact id: 'ed59f90d032bd1d3c2bf6a7a7b47a077') in 0.006478 seconds 
========================================================================
Received Import Request.
  Time since last request: 1.362320 seconds.
  path: Assets/Kawaii_Tanks_Project (Free)/Scripts/Fire_Control_Scripts/Fire_Control_Input_00_Base_CS.cs
  artifactKey: Guid(2ceffd79330071f47a2bb719f1c458a7) Importer(815301076,1909f56bfc062723c751e8b465ee728b)
Start importing Assets/Kawaii_Tanks_Project (Free)/Scripts/Fire_Control_Scripts/Fire_Control_Input_00_Base_CS.cs using Guid(2ceffd79330071f47a2bb719f1c458a7) Importer(815301076,1909f56bfc062723c751e8b465ee728b)  -> (artifact id: '1ddbed3ebc6585c501430d4e4f7ac1b0') in 0.006073 seconds 
========================================================================
Received Import Request.
  Time since last request: 1.153970 seconds.
  path: Assets/Kawaii_Tanks_Project (Free)/Scripts/Fire_Control_Scripts/Fire_Control_Input_01_Desktop_CS.cs
  artifactKey: Guid(0cedf4eb150971f48b9f9a066a1ead7e) Importer(815301076,1909f56bfc062723c751e8b465ee728b)
Start importing Assets/Kawaii_Tanks_Project (Free)/Scripts/Fire_Control_Scripts/Fire_Control_Input_01_Desktop_CS.cs using Guid(0cedf4eb150971f48b9f9a066a1ead7e) Importer(815301076,1909f56bfc062723c751e8b465ee728b)  -> (artifact id: '85039e0c28a47052fb6dadcf649a1133') in 0.006574 seconds 
========================================================================
Received Import Request.
  Time since last request: 3.354688 seconds.
  path: Assets/Kawaii_Tanks_Project (Free)/Scripts/Fire_Control_Scripts/Fire_Control_Input_02_Mobile_CS.cs
  artifactKey: Guid(1542a86db61a75d4d8ea5b5171f6e5ab) Importer(815301076,1909f56bfc062723c751e8b465ee728b)
Start importing Assets/Kawaii_Tanks_Project (Free)/Scripts/Fire_Control_Scripts/Fire_Control_Input_02_Mobile_CS.cs using Guid(1542a86db61a75d4d8ea5b5171f6e5ab) Importer(815301076,1909f56bfc062723c751e8b465ee728b)  -> (artifact id: '8defff1a466ac749a52e07fe5657a27f') in 0.006194 seconds 
========================================================================
Received Import Request.
  Time since last request: 496.062520 seconds.
  path: Assets/Scenes/TestScene.unity
  artifactKey: Guid(9fc0d4010bbf28b4594072e72b8655ab) Importer(815301076,1909f56bfc062723c751e8b465ee728b)
Start importing Assets/Scenes/TestScene.unity using Guid(9fc0d4010bbf28b4594072e72b8655ab) Importer(815301076,1909f56bfc062723c751e8b465ee728b)  -> (artifact id: '07098ad769c86caf79c12f08e4581fee') in 0.006806 seconds 
========================================================================
Received Prepare
Registering precompiled user dll's ...
Registered in 0.014799 seconds.
Begin MonoManager ReloadAssembly
Symbol file LoadedFromMemory doesn't match image C:\Users\drago\OneDrive\Documente\GitHub\Tanks-Project\Library\PackageCache\com.unity.visualscripting@1.7.8\Editor\VisualScripting.Core\Dependencies\YamlDotNet\Unity.VisualScripting.YamlDotNet.dll
Symbol file LoadedFromMemory doesn't match image C:\Users\drago\OneDrive\Documente\GitHub\Tanks-Project\Library\PackageCache\com.unity.visualscripting@1.7.8\Editor\VisualScripting.Core\Dependencies\DotNetZip\Unity.VisualScripting.IonicZip.dll
Native extension for WindowsStandalone target not found
Native extension for WebGL target not found
Refreshing native plugins compatible for Editor in 0.73 ms, found 3 plugins.
Preloading 0 native plugins for Editor in 0.00 ms.
Mono: successfully reloaded assembly
- Completed reload, in  1.793 seconds
Domain Reload Profiling:
	ReloadAssembly (1794ms)
		BeginReloadAssembly (227ms)
			ExecutionOrderSort (0ms)
			DisableScriptedObjects (10ms)
			BackupInstance (0ms)
			ReleaseScriptingObjects (0ms)
			CreateAndSetChildDomain (64ms)
		EndReloadAssembly (1319ms)
			LoadAssemblies (143ms)
			RebuildTransferFunctionScriptingTraits (0ms)
			SetupTypeCache (408ms)
			ReleaseScriptCaches (2ms)
			RebuildScriptCaches (82ms)
			SetupLoadedEditorAssemblies (592ms)
				LogAssemblyErrors (0ms)
				InitializePlatformSupportModulesInManaged (23ms)
				SetLoadedEditorAssemblies (1ms)
				RefreshPlugins (1ms)
				BeforeProcessingInitializeOnLoad (121ms)
				ProcessInitializeOnLoadAttributes (350ms)
				ProcessInitializeOnLoadMethodAttributes (76ms)
				AfterProcessingInitializeOnLoad (22ms)
				EditorAssembliesLoaded (0ms)
			ExecutionOrderSort2 (0ms)
			AwakeInstancesAfterBackupRestoration (11ms)
Platform modules already initialized, skipping
Refreshing native plugins compatible for Editor in 3.55 ms, found 3 plugins.
Preloading 0 native plugins for Editor in 0.00 ms.
Unloading 3580 Unused Serialized files (Serialized files now loaded: 0)
Unloading 22 unused Assets / (149.2 KB). Loaded Objects now: 4265.
Memory consumption went from 137.2 MB to 137.1 MB.
Total: 5.919100 ms (FindLiveObjects: 0.460100 ms CreateObjectMapping: 0.370300 ms MarkObjects: 4.844400 ms  DeleteObjects: 0.242400 ms)

AssetImportParameters requested are different than current active one (requested -> active):
  custom:video-decoder-ogg-theora: a1e56fd34408186e4bbccfd4996cb3dc -> 
  custom:container-muxer-webm: aa71ff27fc2769a1b78a27578f13a17b -> 
  custom:container-demuxer-webm: 4f35f7cbe854078d1ac9338744f61a02 -> 
  custom:video-encoder-webm-vp8: eb34c28f22e8b96e1ab97ce403110664 -> 
  custom:audio-encoder-webm-vorbis: bf7c407c2cedff20999df2af8eb42d56 -> 
  custom:framework-win-MediaFoundation: 216162199b28c13a410421893ffa2e32 -> 
  custom:container-demuxer-ogg: 62fdf1f143b41e24485cea50d1cbac27 -> 
  custom:video-decoder-webm-vp8: 9c59270c3fd7afecdb556c50c9e8de78 -> 
  custom:audio-decoder-ogg-vorbis: bf7c407c2cedff20999df2af8eb42d56 -> 
